<?xml version="1.0" encoding="UTF-8"?>
<!-- Generated by org.testng.reporters.JUnitXMLReporter -->
<testsuite ignored="0" hostname="DESKTOP-A8NLMHK" failures="0" tests="2" name="chrome" time="0.147" errors="0" timestamp="2024-11-14T14:48:27 IST">
  <testcase classname="com.TestNG.FlipkartWithAnnotation" name="@BeforeClass OpenSite" time="-1.731575907181E9">
    <failure type="org.testng.TestNGException" message="
Can inject only one of &amp;lt;ITestContext, XmlTest&amp;gt; into a @BeforeClass annotated OpenSite.
For more information on native dependency injection please refer to https://testng.org/#_dependency_injection">
      <![CDATA[org.testng.TestNGException: 
Can inject only one of <ITestContext, XmlTest> into a @BeforeClass annotated OpenSite.
For more information on native dependency injection please refer to https://testng.org/#_dependency_injection
at java.base/java.util.ArrayList.forEach(ArrayList.java:1511)
... Removed 22 stack frames]]>
    </failure>
  </testcase> <!-- @BeforeClass OpenSite -->
  <testcase classname="com.TestNG.FlipkartWithAnnotation" name="@BeforeMethod OpenSite" time="0.0">
    <skipped/>
  </testcase> <!-- @BeforeMethod OpenSite -->
  <testcase classname="com.TestNG.FlipkartWithAnnotation" name="@AfterMethod closeChildWindow" time="0.0">
    <skipped/>
  </testcase> <!-- @AfterMethod closeChildWindow -->
  <testcase classname="com.TestNG.FlipkartWithAnnotation" name="@BeforeMethod OpenSite" time="0.0">
    <skipped/>
  </testcase> <!-- @BeforeMethod OpenSite -->
  <testcase classname="com.TestNG.FlipkartWithAnnotation" name="@AfterMethod closeChildWindow" time="0.0">
    <skipped/>
  </testcase> <!-- @AfterMethod closeChildWindow -->
  <testcase classname="com.TestNG.FlipkartWithAnnotation" name="@AfterClass closeBrowser" time="0.0">
    <skipped/>
  </testcase> <!-- @AfterClass closeBrowser -->
  <testcase classname="com.TestNG.FlipkartWithAnnotation" name="Mobile" time="0.0">
    <skipped/>
  </testcase> <!-- Mobile -->
  <testcase classname="com.TestNG.FlipkartWithAnnotation" name="Ac" time="0.001">
    <skipped/>
  </testcase> <!-- Ac -->
</testsuite> <!-- chrome -->
