<?xml version="1.0" encoding="UTF-8"?>
<!-- Generated by org.testng.reporters.JUnitXMLReporter -->
<testsuite ignored="0" hostname="DESKTOP-A8NLMHK" failures="0" tests="2" name="firefox" time="0.04" errors="0" timestamp="2024-11-14T14:48:27 IST">
  <testcase classname="com.TestNG.FlipkartWithAnnotation" name="Mobile" time="0.002">
    <skipped/>
  </testcase> <!-- Mobile -->
  <testcase classname="com.TestNG.FlipkartWithAnnotation" name="Ac" time="0.0">
    <skipped/>
  </testcase> <!-- Ac -->
</testsuite> <!-- firefox -->
