<?xml version="1.0" encoding="UTF-8"?>
<testng-results ignored="0" total="2" passed="2" failed="0" skipped="0">
  <reporter-output>
  </reporter-output>
  <suite started-at="2024-11-26T14:10:42 IST" name="Suite" finished-at="2024-11-26T14:11:04 IST" duration-ms="22718">
    <groups>
    </groups>
    <test started-at="2024-11-26T14:10:42 IST" name="chromebrowser" finished-at="2024-11-26T14:10:51 IST" duration-ms="9022">
      <class name="com.Logger.SauceDemoLogin">
        <test-method is-config="true" signature="LaunchBrowser(java.lang.String)[pri:0, instance:com.Logger.SauceDemoLogin@27406a17]" started-at="2024-11-26T14:10:42 IST" name="LaunchBrowser" finished-at="2024-11-26T14:10:50 IST" duration-ms="8077" status="PASS">
          <params>
            <param index="0">
              <value>
                <![CDATA[chrome]]>
              </value>
            </param>
          </params>
          <reporter-output>
          </reporter-output>
        </test-method> <!-- LaunchBrowser -->
        <test-method signature="login()[pri:0, instance:com.Logger.SauceDemoLogin@27406a17]" started-at="2024-11-26T14:10:50 IST" name="login" finished-at="2024-11-26T14:10:50 IST" duration-ms="531" status="PASS">
          <reporter-output>
          </reporter-output>
        </test-method> <!-- login -->
        <test-method is-config="true" signature="logout()[pri:0, instance:com.Logger.SauceDemoLogin@27406a17]" started-at="2024-11-26T14:10:50 IST" name="logout" finished-at="2024-11-26T14:10:51 IST" duration-ms="317" status="PASS">
          <reporter-output>
          </reporter-output>
        </test-method> <!-- logout -->
      </class> <!-- com.Logger.SauceDemoLogin -->
    </test> <!-- chromebrowser -->
    <test started-at="2024-11-26T14:10:51 IST" name="firefoxbrowser" finished-at="2024-11-26T14:11:04 IST" duration-ms="13657">
      <class name="com.Logger.SauceDemoLogin">
        <test-method is-config="true" signature="LaunchBrowser(java.lang.String)[pri:0, instance:com.Logger.SauceDemoLogin@1972e513]" started-at="2024-11-26T14:10:51 IST" name="LaunchBrowser" finished-at="2024-11-26T14:11:02 IST" duration-ms="10847" status="PASS">
          <params>
            <param index="0">
              <value>
                <![CDATA[firefox]]>
              </value>
            </param>
          </params>
          <reporter-output>
          </reporter-output>
        </test-method> <!-- LaunchBrowser -->
        <test-method signature="login()[pri:0, instance:com.Logger.SauceDemoLogin@1972e513]" started-at="2024-11-26T14:11:02 IST" name="login" finished-at="2024-11-26T14:11:04 IST" duration-ms="2056" status="PASS">
          <reporter-output>
          </reporter-output>
        </test-method> <!-- login -->
        <test-method is-config="true" signature="logout()[pri:0, instance:com.Logger.SauceDemoLogin@1972e513]" started-at="2024-11-26T14:11:04 IST" name="logout" finished-at="2024-11-26T14:11:04 IST" duration-ms="745" status="PASS">
          <reporter-output>
          </reporter-output>
        </test-method> <!-- logout -->
      </class> <!-- com.Logger.SauceDemoLogin -->
    </test> <!-- firefoxbrowser -->
  </suite> <!-- Suite -->
</testng-results>
